2026-02-25 02:13:10 - Failed to load SSL library: <class 'OSError'> (no library called "ssl" found)
2026-02-25 02:13:10 - cryptg module not installed and libssl not found, falling back to (slower) Python encryption
2026-02-25 02:13:11 - Start polling
2026-02-25 02:13:11 - Run polling for bot @sjkgsjdfshdjbot id=8799526794 - 'ÔÓ·'
2026-02-25 02:13:11 - User 6484109563: start
2026-02-25 02:13:12 - Update id=259821793 is handled. Duration 263 ms by bot id=8799526794
2026-02-25 02:13:31 - Update id=259821794 is handled. Duration 69 ms by bot id=8799526794
2026-02-25 02:13:32 - Update id=259821795 is handled. Duration 76 ms by bot id=8799526794
2026-02-25 02:13:34 - Update id=259821796 is handled. Duration 63 ms by bot id=8799526794
2026-02-25 02:13:35 - Update id=259821797 is handled. Duration 77 ms by bot id=8799526794
2026-02-25 02:13:36 - Update id=259821798 is handled. Duration 62 ms by bot id=8799526794
2026-02-25 02:13:37 - Update id=259821799 is not handled. Duration 11 ms by bot id=8799526794
2026-02-25 02:13:37 - Cause exception while process update id=259821799 by bot id=8799526794
UnicodeDecodeError: 'utf-8' codec can't decode byte 0xef in position 330: invalid continuation byte
Traceback (most recent call last):
  File "C:\Users\¿‰Ï≥Ì\AppData\Local\Programs\Python\Python314\Lib\site-packages\aiogram\dispatcher\dispatcher.py", line 320, in _process_update
    response = await self.feed_update(bot, update, **kwargs)
               ^^^^^^^^^^^^^^^^^^^^^^^^^^^^^^^^^^^^^^^^^^^^^
  File "C:\Users\¿‰Ï≥Ì\AppData\Local\Programs\Python\Python314\Lib\site-packages\aiogram\dispatcher\dispatcher.py", line 164, in feed_update
    response = await self.update.wrap_outer_middleware(
               ^^^^^^^^^^^^^^^^^^^^^^^^^^^^^^^^^^^^^^^^
    ...<7 lines>...
    )
    ^
  File "C:\Users\¿‰Ï≥Ì\AppData\Local\Programs\Python\Python314\Lib\site-packages\aiogram\dispatcher\middlewares\error.py", line 27, in __call__
    return await handler(event, data)
           ^^^^^^^^^^^^^^^^^^^^^^^^^^
  File "C:\Users\¿‰Ï≥Ì\AppData\Local\Programs\Python\Python314\Lib\site-packages\aiogram\dispatcher\middlewares\user_context.py", line 58, in __call__
    return await handler(event, data)
           ^^^^^^^^^^^^^^^^^^^^^^^^^^
  File "C:\Users\¿‰Ï≥Ì\AppData\Local\Programs\Python\Python314\Lib\site-packages\aiogram\fsm\middleware.py", line 43, in __call__
    return await handler(event, data)
           ^^^^^^^^^^^^^^^^^^^^^^^^^^
  File "C:\Users\¿‰Ï≥Ì\AppData\Local\Programs\Python\Python314\Lib\site-packages\aiogram\dispatcher\event\telegram.py", line 126, in trigger
    return await wrapped_inner(event, kwargs)
           ^^^^^^^^^^^^^^^^^^^^^^^^^^^^^^^^^^
  File "C:\Users\¿‰Ï≥Ì\AppData\Local\Programs\Python\Python314\Lib\site-packages\aiogram\dispatcher\event\handler.py", line 71, in call
    return await wrapped()
           ^^^^^^^^^^^^^^^
  File "C:\Users\¿‰Ï≥Ì\AppData\Local\Programs\Python\Python314\Lib\site-packages\aiogram\dispatcher\dispatcher.py", line 283, in _listen_update
    return await self.propagate_event(update_type=update_type, event=event, **kwargs)
           ^^^^^^^^^^^^^^^^^^^^^^^^^^^^^^^^^^^^^^^^^^^^^^^^^^^^^^^^^^^^^^^^^^^^^^^^^^
  File "C:\Users\¿‰Ï≥Ì\AppData\Local\Programs\Python\Python314\Lib\site-packages\aiogram\dispatcher\router.py", line 161, in propagate_event
    return await observer.wrap_outer_middleware(_wrapped, event=event, data=kwargs)
           ^^^^^^^^^^^^^^^^^^^^^^^^^^^^^^^^^^^^^^^^^^^^^^^^^^^^^^^^^^^^^^^^^^^^^^^^
  File "C:\Users\¿‰Ï≥Ì\AppData\Local\Programs\Python\Python314\Lib\site-packages\aiogram\dispatcher\router.py", line 153, in _wrapped
    return await self._propagate_event(
           ^^^^^^^^^^^^^^^^^^^^^^^^^^^^
    ...<4 lines>...
    )
    ^
  File "C:\Users\¿‰Ï≥Ì\AppData\Local\Programs\Python\Python314\Lib\site-packages\aiogram\dispatcher\router.py", line 189, in _propagate_event
    response = await router.propagate_event(update_type=update_type, event=event, **kwargs)
               ^^^^^^^^^^^^^^^^^^^^^^^^^^^^^^^^^^^^^^^^^^^^^^^^^^^^^^^^^^^^^^^^^^^^^^^^^^^^
  File "C:\Users\¿‰Ï≥Ì\AppData\Local\Programs\Python\Python314\Lib\site-packages\aiogram\dispatcher\router.py", line 161, in propagate_event
    return await observer.wrap_outer_middleware(_wrapped, event=event, data=kwargs)
           ^^^^^^^^^^^^^^^^^^^^^^^^^^^^^^^^^^^^^^^^^^^^^^^^^^^^^^^^^^^^^^^^^^^^^^^^
  File "C:\Users\¿‰Ï≥Ì\AppData\Local\Programs\Python\Python314\Lib\site-packages\aiogram\dispatcher\router.py", line 153, in _wrapped
    return await self._propagate_event(
           ^^^^^^^^^^^^^^^^^^^^^^^^^^^^
    ...<4 lines>...
    )
    ^
  File "C:\Users\¿‰Ï≥Ì\AppData\Local\Programs\Python\Python314\Lib\site-packages\aiogram\dispatcher\router.py", line 181, in _propagate_event
    response = await observer.trigger(event, **kwargs)
               ^^^^^^^^^^^^^^^^^^^^^^^^^^^^^^^^^^^^^^^
  File "C:\Users\¿‰Ï≥Ì\AppData\Local\Programs\Python\Python314\Lib\site-packages\aiogram\dispatcher\event\telegram.py", line 126, in trigger
    return await wrapped_inner(event, kwargs)
           ^^^^^^^^^^^^^^^^^^^^^^^^^^^^^^^^^^
  File "C:\Users\¿‰Ï≥Ì\AppData\Local\Programs\Python\Python314\Lib\site-packages\aiogram\dispatcher\event\handler.py", line 71, in call
    return await wrapped()
           ^^^^^^^^^^^^^^^
  File "E:\¡Œ“2\handlers\admin.py", line 59, in admin_logs
    lines = f.readlines()[-20:]
            ~~~~~~~~~~~^^
  File "<frozen codecs>", line 325, in decode
UnicodeDecodeError: 'utf-8' codec can't decode byte 0xef in position 330: invalid continuation byte
2026-02-25 02:13:39 - Update id=259821800 is handled. Duration 117 ms by bot id=8799526794
2026-02-25 02:13:44 - Update id=259821801 is handled. Duration 396 ms by bot id=8799526794
2026-02-25 02:13:45 - Update id=259821802 is handled. Duration 129 ms by bot id=8799526794
2026-02-25 02:13:48 - Update id=259821803 is not handled. Duration 3 ms by bot id=8799526794
2026-02-25 02:14:47 - Update id=259821804 is handled. Duration 87 ms by bot id=8799526794
2026-02-25 02:14:48 - Update id=259821805 is handled. Duration 62 ms by bot id=8799526794
2026-02-25 02:14:51 - Update id=259821806 is handled. Duration 80 ms by bot id=8799526794
2026-02-25 02:14:54 - Update id=259821807 is handled. Duration 63 ms by bot id=8799526794
2026-02-25 02:14:56 - Update id=259821808 is handled. Duration 83 ms by bot id=8799526794
2026-02-25 02:14:57 - Update id=259821809 is handled. Duration 66 ms by bot id=8799526794
2026-02-25 02:14:59 - Update id=259821810 is handled. Duration 82 ms by bot id=8799526794
2026-02-25 02:15:01 - Update id=259821811 is handled. Duration 68 ms by bot id=8799526794
2026-02-25 02:15:06 - User 6484109563: create_landing - hshsh
2026-02-25 02:15:06 - Update id=259821812 is not handled. Duration 492 ms by bot id=8799526794
2026-02-25 02:15:06 - Cause exception while process update id=259821812 by bot id=8799526794
AttributeError: 'Message' object has no attribute 'message'
Traceback (most recent call last):
  File "C:\Users\¿‰Ï≥Ì\AppData\Local\Programs\Python\Python314\Lib\site-packages\aiogram\dispatcher\dispatcher.py", line 320, in _process_update
    response = await self.feed_update(bot, update, **kwargs)
               ^^^^^^^^^^^^^^^^^^^^^^^^^^^^^^^^^^^^^^^^^^^^^
  File "C:\Users\¿‰Ï≥Ì\AppData\Local\Programs\Python\Python314\Lib\site-packages\aiogram\dispatcher\dispatcher.py", line 164, in feed_update
    response = await self.update.wrap_outer_middleware(
               ^^^^^^^^^^^^^^^^^^^^^^^^^^^^^^^^^^^^^^^^
    ...<7 lines>...
    )
    ^
  File "C:\Users\¿‰Ï≥Ì\AppData\Local\Programs\Python\Python314\Lib\site-packages\aiogram\dispatcher\middlewares\error.py", line 27, in __call__
    return await handler(event, data)
           ^^^^^^^^^^^^^^^^^^^^^^^^^^
  File "C:\Users\¿‰Ï≥Ì\AppData\Local\Programs\Python\Python314\Lib\site-packages\aiogram\dispatcher\middlewares\user_context.py", line 58, in __call__
    return await handler(event, data)
           ^^^^^^^^^^^^^^^^^^^^^^^^^^
  File "C:\Users\¿‰Ï≥Ì\AppData\Local\Programs\Python\Python314\Lib\site-packages\aiogram\fsm\middleware.py", line 43, in __call__
    return await handler(event, data)
           ^^^^^^^^^^^^^^^^^^^^^^^^^^
  File "C:\Users\¿‰Ï≥Ì\AppData\Local\Programs\Python\Python314\Lib\site-packages\aiogram\dispatcher\event\telegram.py", line 126, in trigger
    return await wrapped_inner(event, kwargs)
           ^^^^^^^^^^^^^^^^^^^^^^^^^^^^^^^^^^
  File "C:\Users\¿‰Ï≥Ì\AppData\Local\Programs\Python\Python314\Lib\site-packages\aiogram\dispatcher\event\handler.py", line 71, in call
    return await wrapped()
           ^^^^^^^^^^^^^^^
  File "C:\Users\¿‰Ï≥Ì\AppData\Local\Programs\Python\Python314\Lib\site-packages\aiogram\dispatcher\dispatcher.py", line 283, in _listen_update
    return await self.propagate_event(update_type=update_type, event=event, **kwargs)
           ^^^^^^^^^^^^^^^^^^^^^^^^^^^^^^^^^^^^^^^^^^^^^^^^^^^^^^^^^^^^^^^^^^^^^^^^^^
  File "C:\Users\¿‰Ï≥Ì\AppData\Local\Programs\Python\Python314\Lib\site-packages\aiogram\dispatcher\router.py", line 161, in propagate_event
    return await observer.wrap_outer_middleware(_wrapped, event=event, data=kwargs)
           ^^^^^^^^^^^^^^^^^^^^^^^^^^^^^^^^^^^^^^^^^^^^^^^^^^^^^^^^^^^^^^^^^^^^^^^^
  File "C:\Users\¿‰Ï≥Ì\AppData\Local\Programs\Python\Python314\Lib\site-packages\aiogram\dispatcher\router.py", line 153, in _wrapped
    return await self._propagate_event(
           ^^^^^^^^^^^^^^^^^^^^^^^^^^^^
    ...<4 lines>...
    )
    ^
  File "C:\Users\¿‰Ï≥Ì\AppData\Local\Programs\Python\Python314\Lib\site-packages\aiogram\dispatcher\router.py", line 189, in _propagate_event
    response = await router.propagate_event(update_type=update_type, event=event, **kwargs)
               ^^^^^^^^^^^^^^^^^^^^^^^^^^^^^^^^^^^^^^^^^^^^^^^^^^^^^^^^^^^^^^^^^^^^^^^^^^^^
  File "C:\Users\¿‰Ï≥Ì\AppData\Local\Programs\Python\Python314\Lib\site-packages\aiogram\dispatcher\router.py", line 161, in propagate_event
    return await observer.wrap_outer_middleware(_wrapped, event=event, data=kwargs)
           ^^^^^^^^^^^^^^^^^^^^^^^^^^^^^^^^^^^^^^^^^^^^^^^^^^^^^^^^^^^^^^^^^^^^^^^^
  File "C:\Users\¿‰Ï≥Ì\AppData\Local\Programs\Python\Python314\Lib\site-packages\aiogram\dispatcher\router.py", line 153, in _wrapped
    return await self._propagate_event(
           ^^^^^^^^^^^^^^^^^^^^^^^^^^^^
    ...<4 lines>...
    )
    ^
  File "C:\Users\¿‰Ï≥Ì\AppData\Local\Programs\Python\Python314\Lib\site-packages\aiogram\dispatcher\router.py", line 181, in _propagate_event
    response = await observer.trigger(event, **kwargs)
               ^^^^^^^^^^^^^^^^^^^^^^^^^^^^^^^^^^^^^^^
  File "C:\Users\¿‰Ï≥Ì\AppData\Local\Programs\Python\Python314\Lib\site-packages\aiogram\dispatcher\event\telegram.py", line 126, in trigger
    return await wrapped_inner(event, kwargs)
           ^^^^^^^^^^^^^^^^^^^^^^^^^^^^^^^^^^
  File "C:\Users\¿‰Ï≥Ì\AppData\Local\Programs\Python\Python314\Lib\site-packages\aiogram\dispatcher\event\handler.py", line 71, in call
    return await wrapped()
           ^^^^^^^^^^^^^^^
  File "E:\¡Œ“2\handlers\yandex.py", line 183, in landing_photo
    await finalize_landing(message, state)
  File "E:\¡Œ“2\handlers\yandex.py", line 237, in finalize_landing
    await yandex_menu(message)
  File "E:\¡Œ“2\handlers\yandex.py", line 43, in yandex_menu
    await callback.message.edit_text(
          ^^^^^^^^^^^^^^^^
  File "C:\Users\¿‰Ï≥Ì\AppData\Local\Programs\Python\Python314\Lib\site-packages\pydantic\main.py", line 1026, in __getattr__
    raise AttributeError(f'{type(self).__name__!r} object has no attribute {item!r}')
AttributeError: 'Message' object has no attribute 'message'. Did you mean: 'message_id'?
2026-02-25 02:17:53 - Update id=259821813 is not handled. Duration 23 ms by bot id=8799526794
2026-02-25 02:17:53 - Cause exception while process update id=259821813 by bot id=8799526794
OperationalError: no such table: users
Traceback (most recent call last):
  File "C:\Users\¿‰Ï≥Ì\AppData\Local\Programs\Python\Python314\Lib\site-packages\aiogram\dispatcher\dispatcher.py", line 320, in _process_update
    response = await self.feed_update(bot, update, **kwargs)
               ^^^^^^^^^^^^^^^^^^^^^^^^^^^^^^^^^^^^^^^^^^^^^
  File "C:\Users\¿‰Ï≥Ì\AppData\Local\Programs\Python\Python314\Lib\site-packages\aiogram\dispatcher\dispatcher.py", line 164, in feed_update
    response = await self.update.wrap_outer_middleware(
               ^^^^^^^^^^^^^^^^^^^^^^^^^^^^^^^^^^^^^^^^
    ...<7 lines>...
    )
    ^
  File "C:\Users\¿‰Ï≥Ì\AppData\Local\Programs\Python\Python314\Lib\site-packages\aiogram\dispatcher\middlewares\error.py", line 27, in __call__
    return await handler(event, data)
           ^^^^^^^^^^^^^^^^^^^^^^^^^^
  File "C:\Users\¿‰Ï≥Ì\AppData\Local\Programs\Python\Python314\Lib\site-packages\aiogram\dispatcher\middlewares\user_context.py", line 58, in __call__
    return await handler(event, data)
           ^^^^^^^^^^^^^^^^^^^^^^^^^^
  File "C:\Users\¿‰Ï≥Ì\AppData\Local\Programs\Python\Python314\Lib\site-packages\aiogram\fsm\middleware.py", line 43, in __call__
    return await handler(event, data)
           ^^^^^^^^^^^^^^^^^^^^^^^^^^
  File "C:\Users\¿‰Ï≥Ì\AppData\Local\Programs\Python\Python314\Lib\site-packages\aiogram\dispatcher\event\telegram.py", line 126, in trigger
    return await wrapped_inner(event, kwargs)
           ^^^^^^^^^^^^^^^^^^^^^^^^^^^^^^^^^^
  File "C:\Users\¿‰Ï≥Ì\AppData\Local\Programs\Python\Python314\Lib\site-packages\aiogram\dispatcher\event\handler.py", line 71, in call
    return await wrapped()
           ^^^^^^^^^^^^^^^
  File "C:\Users\¿‰Ï≥Ì\AppData\Local\Programs\Python\Python314\Lib\site-packages\aiogram\dispatcher\dispatcher.py", line 283, in _listen_update
    return await self.propagate_event(update_type=update_type, event=event, **kwargs)
           ^^^^^^^^^^^^^^^^^^^^^^^^^^^^^^^^^^^^^^^^^^^^^^^^^^^^^^^^^^^^^^^^^^^^^^^^^^
  File "C:\Users\¿‰Ï≥Ì\AppData\Local\Programs\Python\Python314\Lib\site-packages\aiogram\dispatcher\router.py", line 161, in propagate_event
    return await observer.wrap_outer_middleware(_wrapped, event=event, data=kwargs)
           ^^^^^^^^^^^^^^^^^^^^^^^^^^^^^^^^^^^^^^^^^^^^^^^^^^^^^^^^^^^^^^^^^^^^^^^^
  File "C:\Users\¿‰Ï≥Ì\AppData\Local\Programs\Python\Python314\Lib\site-packages\aiogram\dispatcher\router.py", line 153, in _wrapped
    return await self._propagate_event(
           ^^^^^^^^^^^^^^^^^^^^^^^^^^^^
    ...<4 lines>...
    )
    ^
  File "C:\Users\¿‰Ï≥Ì\AppData\Local\Programs\Python\Python314\Lib\site-packages\aiogram\dispatcher\router.py", line 189, in _propagate_event
    response = await router.propagate_event(update_type=update_type, event=event, **kwargs)
               ^^^^^^^^^^^^^^^^^^^^^^^^^^^^^^^^^^^^^^^^^^^^^^^^^^^^^^^^^^^^^^^^^^^^^^^^^^^^
  File "C:\Users\¿‰Ï≥Ì\AppData\Local\Programs\Python\Python314\Lib\site-packages\aiogram\dispatcher\router.py", line 161, in propagate_event
    return await observer.wrap_outer_middleware(_wrapped, event=event, data=kwargs)
           ^^^^^^^^^^^^^^^^^^^^^^^^^^^^^^^^^^^^^^^^^^^^^^^^^^^^^^^^^^^^^^^^^^^^^^^^
  File "C:\Users\¿‰Ï≥Ì\AppData\Local\Programs\Python\Python314\Lib\site-packages\aiogram\dispatcher\router.py", line 153, in _wrapped
    return await self._propagate_event(
           ^^^^^^^^^^^^^^^^^^^^^^^^^^^^
    ...<4 lines>...
    )
    ^
  File "C:\Users\¿‰Ï≥Ì\AppData\Local\Programs\Python\Python314\Lib\site-packages\aiogram\dispatcher\router.py", line 181, in _propagate_event
    response = await observer.trigger(event, **kwargs)
               ^^^^^^^^^^^^^^^^^^^^^^^^^^^^^^^^^^^^^^^
  File "C:\Users\¿‰Ï≥Ì\AppData\Local\Programs\Python\Python314\Lib\site-packages\aiogram\dispatcher\event\telegram.py", line 126, in trigger
    return await wrapped_inner(event, kwargs)
           ^^^^^^^^^^^^^^^^^^^^^^^^^^^^^^^^^^
  File "C:\Users\¿‰Ï≥Ì\AppData\Local\Programs\Python\Python314\Lib\site-packages\aiogram\dispatcher\event\handler.py", line 71, in call
    return await wrapped()
           ^^^^^^^^^^^^^^^
  File "E:\¡Œ“2\handlers\common.py", line 28, in main_menu_handler
    await cmd_start(callback.message)
  File "E:\¡Œ“2\handlers\start.py", line 17, in cmd_start
    await add_user(user_id, username, first_name, last_name)
  File "E:\¡Œ“2\database.py", line 210, in add_user
    await db.execute(
    ...<2 lines>...
    )
  File "C:\Users\¿‰Ï≥Ì\AppData\Local\Programs\Python\Python314\Lib\site-packages\aiosqlite\core.py", line 223, in execute
    cursor = await self._execute(self._conn.execute, sql, parameters)
             ^^^^^^^^^^^^^^^^^^^^^^^^^^^^^^^^^^^^^^^^^^^^^^^^^^^^^^^^
  File "C:\Users\¿‰Ï≥Ì\AppData\Local\Programs\Python\Python314\Lib\site-packages\aiosqlite\core.py", line 160, in _execute
    return await future
           ^^^^^^^^^^^^
  File "C:\Users\¿‰Ï≥Ì\AppData\Local\Programs\Python\Python314\Lib\site-packages\aiosqlite\core.py", line 63, in _connection_worker_thread
    result = function()
sqlite3.OperationalError: no such table: users
2026-02-25 02:17:57 - Update id=259821814 is not handled. Duration 1 ms by bot id=8799526794
2026-02-25 02:17:57 - Cause exception while process update id=259821814 by bot id=8799526794
OperationalError: no such table: users
Traceback (most recent call last):
  File "C:\Users\¿‰Ï≥Ì\AppData\Local\Programs\Python\Python314\Lib\site-packages\aiogram\dispatcher\dispatcher.py", line 320, in _process_update
    response = await self.feed_update(bot, update, **kwargs)
               ^^^^^^^^^^^^^^^^^^^^^^^^^^^^^^^^^^^^^^^^^^^^^
  File "C:\Users\¿‰Ï≥Ì\AppData\Local\Programs\Python\Python314\Lib\site-packages\aiogram\dispatcher\dispatcher.py", line 164, in feed_update
    response = await self.update.wrap_outer_middleware(
               ^^^^^^^^^^^^^^^^^^^^^^^^^^^^^^^^^^^^^^^^
    ...<7 lines>...
    )
    ^
  File "C:\Users\¿‰Ï≥Ì\AppData\Local\Programs\Python\Python314\Lib\site-packages\aiogram\dispatcher\middlewares\error.py", line 27, in __call__
    return await handler(event, data)
           ^^^^^^^^^^^^^^^^^^^^^^^^^^
  File "C:\Users\¿‰Ï≥Ì\AppData\Local\Programs\Python\Python314\Lib\site-packages\aiogram\dispatcher\middlewares\user_context.py", line 58, in __call__
    return await handler(event, data)
           ^^^^^^^^^^^^^^^^^^^^^^^^^^
  File "C:\Users\¿‰Ï≥Ì\AppData\Local\Programs\Python\Python314\Lib\site-packages\aiogram\fsm\middleware.py", line 43, in __call__
    return await handler(event, data)
           ^^^^^^^^^^^^^^^^^^^^^^^^^^
  File "C:\Users\¿‰Ï≥Ì\AppData\Local\Programs\Python\Python314\Lib\site-packages\aiogram\dispatcher\event\telegram.py", line 126, in trigger
    return await wrapped_inner(event, kwargs)
           ^^^^^^^^^^^^^^^^^^^^^^^^^^^^^^^^^^
  File "C:\Users\¿‰Ï≥Ì\AppData\Local\Programs\Python\Python314\Lib\site-packages\aiogram\dispatcher\event\handler.py", line 71, in call
    return await wrapped()
           ^^^^^^^^^^^^^^^
  File "C:\Users\¿‰Ï≥Ì\AppData\Local\Programs\Python\Python314\Lib\site-packages\aiogram\dispatcher\dispatcher.py", line 283, in _listen_update
    return await self.propagate_event(update_type=update_type, event=event, **kwargs)
           ^^^^^^^^^^^^^^^^^^^^^^^^^^^^^^^^^^^^^^^^^^^^^^^^^^^^^^^^^^^^^^^^^^^^^^^^^^
  File "C:\Users\¿‰Ï≥Ì\AppData\Local\Programs\Python\Python314\Lib\site-packages\aiogram\dispatcher\router.py", line 161, in propagate_event
    return await observer.wrap_outer_middleware(_wrapped, event=event, data=kwargs)
           ^^^^^^^^^^^^^^^^^^^^^^^^^^^^^^^^^^^^^^^^^^^^^^^^^^^^^^^^^^^^^^^^^^^^^^^^
  File "C:\Users\¿‰Ï≥Ì\AppData\Local\Programs\Python\Python314\Lib\site-packages\aiogram\dispatcher\router.py", line 153, in _wrapped
    return await self._propagate_event(
           ^^^^^^^^^^^^^^^^^^^^^^^^^^^^
    ...<4 lines>...
    )
    ^
  File "C:\Users\¿‰Ï≥Ì\AppData\Local\Programs\Python\Python314\Lib\site-packages\aiogram\dispatcher\router.py", line 189, in _propagate_event
    response = await router.propagate_event(update_type=update_type, event=event, **kwargs)
               ^^^^^^^^^^^^^^^^^^^^^^^^^^^^^^^^^^^^^^^^^^^^^^^^^^^^^^^^^^^^^^^^^^^^^^^^^^^^
  File "C:\Users\¿‰Ï≥Ì\AppData\Local\Programs\Python\Python314\Lib\site-packages\aiogram\dispatcher\router.py", line 161, in propagate_event
    return await observer.wrap_outer_middleware(_wrapped, event=event, data=kwargs)
           ^^^^^^^^^^^^^^^^^^^^^^^^^^^^^^^^^^^^^^^^^^^^^^^^^^^^^^^^^^^^^^^^^^^^^^^^
  File "C:\Users\¿‰Ï≥Ì\AppData\Local\Programs\Python\Python314\Lib\site-packages\aiogram\dispatcher\router.py", line 153, in _wrapped
    return await self._propagate_event(
           ^^^^^^^^^^^^^^^^^^^^^^^^^^^^
    ...<4 lines>...
    )
    ^
  File "C:\Users\¿‰Ï≥Ì\AppData\Local\Programs\Python\Python314\Lib\site-packages\aiogram\dispatcher\router.py", line 181, in _propagate_event
    response = await observer.trigger(event, **kwargs)
               ^^^^^^^^^^^^^^^^^^^^^^^^^^^^^^^^^^^^^^^
  File "C:\Users\¿‰Ï≥Ì\AppData\Local\Programs\Python\Python314\Lib\site-packages\aiogram\dispatcher\event\telegram.py", line 126, in trigger
    return await wrapped_inner(event, kwargs)
           ^^^^^^^^^^^^^^^^^^^^^^^^^^^^^^^^^^
  File "C:\Users\¿‰Ï≥Ì\AppData\Local\Programs\Python\Python314\Lib\site-packages\aiogram\dispatcher\event\handler.py", line 71, in call
    return await wrapped()
           ^^^^^^^^^^^^^^^
  File "E:\¡Œ“2\handlers\start.py", line 17, in cmd_start
    await add_user(user_id, username, first_name, last_name)
  File "E:\¡Œ“2\database.py", line 210, in add_user
    await db.execute(
    ...<2 lines>...
    )
  File "C:\Users\¿‰Ï≥Ì\AppData\Local\Programs\Python\Python314\Lib\site-packages\aiosqlite\core.py", line 223, in execute
    cursor = await self._execute(self._conn.execute, sql, parameters)
             ^^^^^^^^^^^^^^^^^^^^^^^^^^^^^^^^^^^^^^^^^^^^^^^^^^^^^^^^
  File "C:\Users\¿‰Ï≥Ì\AppData\Local\Programs\Python\Python314\Lib\site-packages\aiosqlite\core.py", line 160, in _execute
    return await future
           ^^^^^^^^^^^^
  File "C:\Users\¿‰Ï≥Ì\AppData\Local\Programs\Python\Python314\Lib\site-packages\aiosqlite\core.py", line 63, in _connection_worker_thread
    result = function()
sqlite3.OperationalError: no such table: users
